#
# There is insufficient memory for the Java Runtime Environment to continue.
# Native memory allocation (malloc) failed to allocate 1522256 bytes. Error detail: Chunk::new
# Possible reasons:
#   The system is out of physical RAM or swap space
#   This process is running with CompressedOops enabled, and the Java Heap may be blocking the growth of the native heap
# Possible solutions:
#   Reduce memory load on the system
#   Increase physical memory or swap space
#   Check if swap backing store is full
#   Decrease Java heap size (-Xmx/-Xms)
#   Decrease number of Java threads
#   Decrease Java thread stack sizes (-Xss)
#   Set larger code cache with -XX:ReservedCodeCacheSize=
#   JVM is running with Unscaled Compressed Oops mode in which the Java heap is
#     placed in the first 4GB address space. The Java Heap base address is the
#     maximum limit for the native heap growth. Please use -XX:HeapBaseMinAddress
#     to set the Java Heap base and to place the Java Heap above 4GB virtual address.
# This output file may be truncated or incomplete.
#
#  Out of Memory Error (arena.cpp:168), pid=16680, tid=1944
#
# JRE version: OpenJDK Runtime Environment Corretto-21.0.3.9.1 (21.0.3+9) (build 21.0.3+9-LTS)
# Java VM: OpenJDK 64-Bit Server VM Corretto-21.0.3.9.1 (21.0.3+9-LTS, mixed mode, sharing, tiered, compressed oops, compressed class ptrs, g1 gc, windows-amd64)
# No core dump will be written. Minidumps are not enabled by default on client versions of Windows
#

---------------  S U M M A R Y ------------

Command Line: -javaagent:C:\Program Files\JetBrains\IntelliJ IDEA Community Edition 2024.1.4\lib\idea_rt.jar=63664:C:\Program Files\JetBrains\IntelliJ IDEA Community Edition 2024.1.4\bin -Dfile.encoding=UTF-8 -Dsun.stdout.encoding=UTF-8 -Dsun.stderr.encoding=UTF-8 com.softtech.HelloWorld_v2.HelloWorldV2Application

Host: Intel(R) Core(TM) i5-10210U CPU @ 1.60GHz, 8 cores, 3G,  Windows 11 , 64 bit Build 22621 (10.0.22621.3958)
Time: Wed Aug 21 22:36:49 2024 Türkiye Standart Saati elapsed time: 98921.565744 seconds (1d 3h 28m 41s)

---------------  T H R E A D  ---------------

Current thread (0x000002586ee07a70):  JavaThread "C2 CompilerThread0" daemon [_thread_in_native, id=1944, stack(0x000000ea77000000,0x000000ea77100000) (1024K)]


Current CompileTask:
C2:98921566 8636   !   4       sun.security.ssl.SSLCipher$T13GcmWriteCipherGenerator$GcmWriteCipher::encrypt (329 bytes)

Stack: [0x000000ea77000000,0x000000ea77100000]
Native frames: (J=compiled Java code, j=interpreted, Vv=VM code, C=native code)
V  [jvm.dll+0x6d4fa9]
V  [jvm.dll+0x8b01c3]
V  [jvm.dll+0x8b251e]
V  [jvm.dll+0x8b2c03]
V  [jvm.dll+0x284fb6]
V  [jvm.dll+0xc5ffd]
V  [jvm.dll+0xc6533]
V  [jvm.dll+0x3bc2d1]
V  [jvm.dll+0x388aa7]
V  [jvm.dll+0x387f1a]
V  [jvm.dll+0x24d512]
V  [jvm.dll+0x24cae1]
V  [jvm.dll+0x1cbd64]
V  [jvm.dll+0x25c059]
V  [jvm.dll+0x25a60b]
V  [jvm.dll+0x3f6976]
V  [jvm.dll+0x859258]
V  [jvm.dll+0x6d37ed]
C  [ucrtbase.dll+0x29333]
C  [KERNEL32.DLL+0x1257d]
C  [ntdll.dll+0x5af28]


---------------  P R O C E S S  ---------------

Threads class SMR info:
_java_thread_list=0x0000025877452400, length=33, elements={
0x000002586ede7520, 0x000002586edea190, 0x000002586edeb180, 0x000002586edf0430,
0x000002586edf0e90, 0x000002586edf1b50, 0x000002586ee07a70, 0x000002586ee08510,
0x0000025873050e60, 0x000002587353b440, 0x000002587353f700, 0x00000258758da370,
0x0000025874cb2f80, 0x0000025874632930, 0x00000258743bf310, 0x00000258743bf9a0,
0x00000258746ec100, 0x00000258746e7f60, 0x00000258746e5800, 0x00000258746e78d0,
0x00000258746e85f0, 0x00000258746e7240, 0x00000258746ea030, 0x00000258746e8c80,
0x00000258746ece20, 0x00000258746e9310, 0x00000258746e99a0, 0x00000258746ea6c0,
0x00000258746ead50, 0x00000258746eb3e0, 0x00000258746eba70, 0x0000025874a19f10,
0x000002587647ccd0
}

Java Threads: ( => current thread )
  0x000002586ede7520 JavaThread "Reference Handler"          daemon [_thread_blocked, id=3460, stack(0x000000ea76a00000,0x000000ea76b00000) (1024K)]
  0x000002586edea190 JavaThread "Finalizer"                  daemon [_thread_blocked, id=15680, stack(0x000000ea76b00000,0x000000ea76c00000) (1024K)]
  0x000002586edeb180 JavaThread "Signal Dispatcher"          daemon [_thread_blocked, id=20152, stack(0x000000ea76c00000,0x000000ea76d00000) (1024K)]
  0x000002586edf0430 JavaThread "Attach Listener"            daemon [_thread_blocked, id=14884, stack(0x000000ea76d00000,0x000000ea76e00000) (1024K)]
  0x000002586edf0e90 JavaThread "Service Thread"             daemon [_thread_blocked, id=2396, stack(0x000000ea76e00000,0x000000ea76f00000) (1024K)]
  0x000002586edf1b50 JavaThread "Monitor Deflation Thread"   daemon [_thread_blocked, id=2024, stack(0x000000ea76f00000,0x000000ea77000000) (1024K)]
=>0x000002586ee07a70 JavaThread "C2 CompilerThread0"         daemon [_thread_in_native, id=1944, stack(0x000000ea77000000,0x000000ea77100000) (1024K)]
  0x000002586ee08510 JavaThread "C1 CompilerThread0"         daemon [_thread_blocked, id=21748, stack(0x000000ea77100000,0x000000ea77200000) (1024K)]
  0x0000025873050e60 JavaThread "Common-Cleaner"             daemon [_thread_blocked, id=6104, stack(0x000000ea77200000,0x000000ea77300000) (1024K)]
  0x000002587353b440 JavaThread "Monitor Ctrl-Break"         daemon [_thread_in_native, id=7140, stack(0x000000ea77300000,0x000000ea77400000) (1024K)]
  0x000002587353f700 JavaThread "Notification Thread"        daemon [_thread_blocked, id=6020, stack(0x000000ea77400000,0x000000ea77500000) (1024K)]
  0x00000258758da370 JavaThread "Catalina-utility-1"                [_thread_in_Java, id=3196, stack(0x000000ea77f00000,0x000000ea78000000) (1024K)]
  0x0000025874cb2f80 JavaThread "Catalina-utility-2"                [_thread_blocked, id=9876, stack(0x000000ea78000000,0x000000ea78100000) (1024K)]
  0x0000025874632930 JavaThread "container-0"                       [_thread_blocked, id=18892, stack(0x000000ea78100000,0x000000ea78200000) (1024K)]
  0x00000258743bf310 JavaThread "mysql-cj-abandoned-connection-cleanup" daemon [_thread_blocked, id=1268, stack(0x000000ea78200000,0x000000ea78300000) (1024K)]
  0x00000258743bf9a0 JavaThread "HikariPool-1 housekeeper"   daemon [_thread_blocked, id=3964, stack(0x000000ea78400000,0x000000ea78500000) (1024K)]
  0x00000258746ec100 JavaThread "File Watcher"               daemon [_thread_in_native, id=14752, stack(0x000000ea78500000,0x000000ea78600000) (1024K)]
  0x00000258746e7f60 JavaThread "Live Reload Server"         daemon [_thread_in_native, id=14764, stack(0x000000ea78700000,0x000000ea78800000) (1024K)]
  0x00000258746e5800 JavaThread "http-nio-8081-exec-1"       daemon [_thread_blocked, id=6132, stack(0x000000ea78600000,0x000000ea78700000) (1024K)]
  0x00000258746e78d0 JavaThread "http-nio-8081-exec-2"       daemon [_thread_blocked, id=3448, stack(0x000000ea78800000,0x000000ea78900000) (1024K)]
  0x00000258746e85f0 JavaThread "http-nio-8081-exec-3"       daemon [_thread_blocked, id=1600, stack(0x000000ea78900000,0x000000ea78a00000) (1024K)]
  0x00000258746e7240 JavaThread "http-nio-8081-exec-4"       daemon [_thread_blocked, id=19604, stack(0x000000ea78a00000,0x000000ea78b00000) (1024K)]
  0x00000258746ea030 JavaThread "http-nio-8081-exec-5"       daemon [_thread_blocked, id=16612, stack(0x000000ea78b00000,0x000000ea78c00000) (1024K)]
  0x00000258746e8c80 JavaThread "http-nio-8081-exec-6"       daemon [_thread_blocked, id=14420, stack(0x000000ea78c00000,0x000000ea78d00000) (1024K)]
  0x00000258746ece20 JavaThread "http-nio-8081-exec-7"       daemon [_thread_blocked, id=15376, stack(0x000000ea78d00000,0x000000ea78e00000) (1024K)]
  0x00000258746e9310 JavaThread "http-nio-8081-exec-8"       daemon [_thread_blocked, id=16112, stack(0x000000ea78e00000,0x000000ea78f00000) (1024K)]
  0x00000258746e99a0 JavaThread "http-nio-8081-exec-9"       daemon [_thread_blocked, id=14148, stack(0x000000ea78f00000,0x000000ea79000000) (1024K)]
  0x00000258746ea6c0 JavaThread "http-nio-8081-exec-10"      daemon [_thread_blocked, id=13564, stack(0x000000ea79000000,0x000000ea79100000) (1024K)]
  0x00000258746ead50 JavaThread "http-nio-8081-Poller"       daemon [_thread_in_native, id=14748, stack(0x000000ea79100000,0x000000ea79200000) (1024K)]
  0x00000258746eb3e0 JavaThread "http-nio-8081-Acceptor"     daemon [_thread_in_native, id=14504, stack(0x000000ea79200000,0x000000ea79300000) (1024K)]
  0x00000258746eba70 JavaThread "DestroyJavaVM"                     [_thread_blocked, id=12876, stack(0x000000ea76200000,0x000000ea76300000) (1024K)]
  0x0000025874a19f10 JavaThread "HikariPool-1 connection closer" daemon [_thread_blocked, id=24232, stack(0x000000ea75f00000,0x000000ea76000000) (1024K)]
  0x000002587647ccd0 JavaThread "HikariPool-1 connection adder" daemon [_thread_in_Java, id=16768, stack(0x000000ea76000000,0x000000ea76100000) (1024K)]
Total: 33

Other Threads:
  0x000002586edcad60 VMThread "VM Thread"                           [id=19256, stack(0x000000ea76900000,0x000000ea76a00000) (1024K)]
  0x000002586edb0a40 WatcherThread "VM Periodic Task Thread"        [id=5076, stack(0x000000ea76800000,0x000000ea76900000) (1024K)]
  0x00000258536eefe0 WorkerThread "GC Thread#0"                     [id=7624, stack(0x000000ea76300000,0x000000ea76400000) (1024K)]
  0x0000025873d77960 WorkerThread "GC Thread#1"                     [id=17920, stack(0x000000ea77700000,0x000000ea77800000) (1024K)]
  0x0000025873b92610 WorkerThread "GC Thread#2"                     [id=21472, stack(0x000000ea77800000,0x000000ea77900000) (1024K)]
  0x0000025873b92e30 WorkerThread "GC Thread#3"                     [id=17456, stack(0x000000ea77900000,0x000000ea77a00000) (1024K)]
  0x0000025873b93650 WorkerThread "GC Thread#4"                     [id=18656, stack(0x000000ea77a00000,0x000000ea77b00000) (1024K)]
  0x0000025873b96290 WorkerThread "GC Thread#5"                     [id=5724, stack(0x000000ea77b00000,0x000000ea77c00000) (1024K)]
  0x0000025873bb6c20 WorkerThread "GC Thread#6"                     [id=10120, stack(0x000000ea77c00000,0x000000ea77d00000) (1024K)]
  0x0000025873bb77d0 WorkerThread "GC Thread#7"                     [id=19844, stack(0x000000ea77d00000,0x000000ea77e00000) (1024K)]
  0x00000258536f7d40 ConcurrentGCThread "G1 Main Marker"            [id=2292, stack(0x000000ea76400000,0x000000ea76500000) (1024K)]
  0x00000258536f8fe0 WorkerThread "G1 Conc#0"                       [id=9820, stack(0x000000ea76500000,0x000000ea76600000) (1024K)]
  0x0000025874422fc0 WorkerThread "G1 Conc#1"                       [id=6184, stack(0x000000ea77e00000,0x000000ea77f00000) (1024K)]
  0x0000025853760ac0 ConcurrentGCThread "G1 Refine#0"               [id=20736, stack(0x000000ea76600000,0x000000ea76700000) (1024K)]
  0x0000025853762640 ConcurrentGCThread "G1 Service"                [id=17092, stack(0x000000ea76700000,0x000000ea76800000) (1024K)]
Total: 15

Threads with active compile tasks:
C2 CompilerThread0  98921833 8636   !   4       sun.security.ssl.SSLCipher$T13GcmWriteCipherGenerator$GcmWriteCipher::encrypt (329 bytes)
Total: 1

VM state: not at safepoint (normal execution)

VM Mutex/Monitor currently owned by a thread: None

Heap address: 0x00000000c2800000, size: 984 MB, Compressed Oops mode: 32-bit

CDS archive(s) mapped at: [0x0000025800000000-0x0000025800c90000-0x0000025800c90000), size 13172736, SharedBaseAddress: 0x0000025800000000, ArchiveRelocationMode: 1.
Compressed class space mapped at: 0x0000025801000000-0x0000025841000000, reserved size: 1073741824
Narrow klass base: 0x0000025800000000, Narrow klass shift: 0, Narrow klass range: 0x100000000

GC Precious Log:
 CardTable entry size: 512
 Card Set container configuration: InlinePtr #cards 5 size 8 Array Of Cards #cards 12 size 40 Howl #buckets 4 coarsen threshold 1843 Howl Bitmap #cards 512 size 80 coarsen threshold 460 Card regions per heap region 1 cards per card region 2048
 CPUs: 8 total, 8 available
 Memory: 3929M
 Large Page Support: Disabled
 NUMA Support: Disabled
 Compressed Oops: Enabled (32-bit)
 Heap Region Size: 1M
 Heap Min Capacity: 8M
 Heap Initial Capacity: 62M
 Heap Max Capacity: 984M
 Pre-touch: Disabled
 Parallel Workers: 8
 Concurrent Workers: 2
 Concurrent Refinement Workers: 8
 Periodic GC: Disabled

Heap:
 garbage-first heap   total 60416K, used 35698K [0x00000000c2800000, 0x0000000100000000)
  region size 1024K, 10 young (10240K), 2 survivors (2048K)
 Metaspace       used 71844K, committed 72704K, reserved 1114112K
  class space    used 9685K, committed 10048K, reserved 1048576K

Heap Regions: E=young(eden), S=young(survivor), O=old, HS=humongous(starts), HC=humongous(continues), CS=collection set, F=free, TAMS=top-at-mark-start, PB=parsable bottom
|   0|0x00000000c2800000, 0x00000000c2900000, 0x00000000c2900000|100%|HS|  |TAMS 0x00000000c2800000| PB 0x00000000c2800000| Complete 
|   1|0x00000000c2900000, 0x00000000c2a00000, 0x00000000c2a00000|100%| O|  |TAMS 0x00000000c2900000| PB 0x00000000c2900000| Untracked 
|   2|0x00000000c2a00000, 0x00000000c2b00000, 0x00000000c2b00000|100%| O|  |TAMS 0x00000000c2a00000| PB 0x00000000c2a00000| Untracked 
|   3|0x00000000c2b00000, 0x00000000c2c00000, 0x00000000c2c00000|100%| O|  |TAMS 0x00000000c2b00000| PB 0x00000000c2b00000| Untracked 
|   4|0x00000000c2c00000, 0x00000000c2d00000, 0x00000000c2d00000|100%| O|  |TAMS 0x00000000c2c00000| PB 0x00000000c2c00000| Untracked 
|   5|0x00000000c2d00000, 0x00000000c2e00000, 0x00000000c2e00000|100%| O|  |TAMS 0x00000000c2d00000| PB 0x00000000c2d00000| Untracked 
|   6|0x00000000c2e00000, 0x00000000c2f00000, 0x00000000c2f00000|100%| O|  |TAMS 0x00000000c2e00000| PB 0x00000000c2e00000| Untracked 
|   7|0x00000000c2f00000, 0x00000000c3000000, 0x00000000c3000000|100%| O|  |TAMS 0x00000000c2f00000| PB 0x00000000c2f00000| Untracked 
|   8|0x00000000c3000000, 0x00000000c3100000, 0x00000000c3100000|100%| O|  |TAMS 0x00000000c3000000| PB 0x00000000c3000000| Untracked 
|   9|0x00000000c3100000, 0x00000000c3100000, 0x00000000c3200000|  0%| F|  |TAMS 0x00000000c3100000| PB 0x00000000c3100000| Untracked 
|  10|0x00000000c3200000, 0x00000000c3300000, 0x00000000c3300000|100%| O|  |TAMS 0x00000000c3200000| PB 0x00000000c3200000| Untracked 
|  11|0x00000000c3300000, 0x00000000c3400000, 0x00000000c3400000|100%| O|  |TAMS 0x00000000c3300000| PB 0x00000000c3300000| Untracked 
|  12|0x00000000c3400000, 0x00000000c3500000, 0x00000000c3500000|100%| O|  |TAMS 0x00000000c3400000| PB 0x00000000c3400000| Untracked 
|  13|0x00000000c3500000, 0x00000000c3600000, 0x00000000c3600000|100%| O|  |TAMS 0x00000000c3500000| PB 0x00000000c3500000| Untracked 
|  14|0x00000000c3600000, 0x00000000c3700000, 0x00000000c3700000|100%| O|  |TAMS 0x00000000c3600000| PB 0x00000000c3600000| Untracked 
|  15|0x00000000c3700000, 0x00000000c3800000, 0x00000000c3800000|100%| O|  |TAMS 0x00000000c3700000| PB 0x00000000c3700000| Untracked 
|  16|0x00000000c3800000, 0x00000000c3900000, 0x00000000c3900000|100%| O|  |TAMS 0x00000000c3800000| PB 0x00000000c3800000| Untracked 
|  17|0x00000000c3900000, 0x00000000c3a00000, 0x00000000c3a00000|100%| O|  |TAMS 0x00000000c3900000| PB 0x00000000c3900000| Untracked 
|  18|0x00000000c3a00000, 0x00000000c3ad8b60, 0x00000000c3b00000| 84%| O|  |TAMS 0x00000000c3a00000| PB 0x00000000c3a00000| Untracked 
|  19|0x00000000c3b00000, 0x00000000c3c00000, 0x00000000c3c00000|100%| O|  |TAMS 0x00000000c3b00000| PB 0x00000000c3b00000| Untracked 
|  20|0x00000000c3c00000, 0x00000000c3c00000, 0x00000000c3d00000|  0%| F|  |TAMS 0x00000000c3c00000| PB 0x00000000c3c00000| Untracked 
|  21|0x00000000c3d00000, 0x00000000c3d00000, 0x00000000c3e00000|  0%| F|  |TAMS 0x00000000c3d00000| PB 0x00000000c3d00000| Untracked 
|  22|0x00000000c3e00000, 0x00000000c3e04010, 0x00000000c3f00000|  1%| S|CS|TAMS 0x00000000c3e00000| PB 0x00000000c3e00000| Complete 
|  23|0x00000000c3f00000, 0x00000000c3f00000, 0x00000000c4000000|  0%| F|  |TAMS 0x00000000c3f00000| PB 0x00000000c3f00000| Untracked 
|  24|0x00000000c4000000, 0x00000000c4100000, 0x00000000c4100000|100%| O|  |TAMS 0x00000000c4000000| PB 0x00000000c4000000| Untracked 
|  25|0x00000000c4100000, 0x00000000c4200000, 0x00000000c4200000|100%| O|  |TAMS 0x00000000c4100000| PB 0x00000000c4100000| Untracked 
|  26|0x00000000c4200000, 0x00000000c4300000, 0x00000000c4300000|100%| O|  |TAMS 0x00000000c4200000| PB 0x00000000c4200000| Untracked 
|  27|0x00000000c4300000, 0x00000000c4400000, 0x00000000c4400000|100%| S|CS|TAMS 0x00000000c4300000| PB 0x00000000c4300000| Complete 
|  28|0x00000000c4400000, 0x00000000c4400000, 0x00000000c4500000|  0%| F|  |TAMS 0x00000000c4400000| PB 0x00000000c4400000| Untracked 
|  29|0x00000000c4500000, 0x00000000c4600000, 0x00000000c4600000|100%| O|  |TAMS 0x00000000c4500000| PB 0x00000000c4500000| Untracked 
|  30|0x00000000c4600000, 0x00000000c4700000, 0x00000000c4700000|100%| O|  |TAMS 0x00000000c4600000| PB 0x00000000c4600000| Untracked 
|  31|0x00000000c4700000, 0x00000000c4800000, 0x00000000c4800000|100%| O|  |TAMS 0x00000000c4700000| PB 0x00000000c4700000| Untracked 
|  32|0x00000000c4800000, 0x00000000c4900000, 0x00000000c4900000|100%| O|  |TAMS 0x00000000c4800000| PB 0x00000000c4800000| Untracked 
|  33|0x00000000c4900000, 0x00000000c4900000, 0x00000000c4a00000|  0%| F|  |TAMS 0x00000000c4900000| PB 0x00000000c4900000| Untracked 
|  34|0x00000000c4a00000, 0x00000000c4b00000, 0x00000000c4b00000|100%| O|  |TAMS 0x00000000c4a00000| PB 0x00000000c4a00000| Untracked 
|  35|0x00000000c4b00000, 0x00000000c4b00000, 0x00000000c4c00000|  0%| F|  |TAMS 0x00000000c4b00000| PB 0x00000000c4b00000| Untracked 
|  36|0x00000000c4c00000, 0x00000000c4c00000, 0x00000000c4d00000|  0%| F|  |TAMS 0x00000000c4c00000| PB 0x00000000c4c00000| Untracked 
|  37|0x00000000c4d00000, 0x00000000c4d00000, 0x00000000c4e00000|  0%| F|  |TAMS 0x00000000c4d00000| PB 0x00000000c4d00000| Untracked 
|  38|0x00000000c4e00000, 0x00000000c4e00000, 0x00000000c4f00000|  0%| F|  |TAMS 0x00000000c4e00000| PB 0x00000000c4e00000| Untracked 
|  39|0x00000000c4f00000, 0x00000000c4f00000, 0x00000000c5000000|  0%| F|  |TAMS 0x00000000c4f00000| PB 0x00000000c4f00000| Untracked 
|  40|0x00000000c5000000, 0x00000000c5000000, 0x00000000c5100000|  0%| F|  |TAMS 0x00000000c5000000| PB 0x00000000c5000000| Untracked 
|  41|0x00000000c5100000, 0x00000000c5100000, 0x00000000c5200000|  0%| F|  |TAMS 0x00000000c5100000| PB 0x00000000c5100000| Untracked 
|  42|0x00000000c5200000, 0x00000000c5200000, 0x00000000c5300000|  0%| F|  |TAMS 0x00000000c5200000| PB 0x00000000c5200000| Untracked 
|  43|0x00000000c5300000, 0x00000000c5300000, 0x00000000c5400000|  0%| F|  |TAMS 0x00000000c5300000| PB 0x00000000c5300000| Untracked 
|  44|0x00000000c5400000, 0x00000000c5400000, 0x00000000c5500000|  0%| F|  |TAMS 0x00000000c5400000| PB 0x00000000c5400000| Untracked 
|  45|0x00000000c5500000, 0x00000000c5500000, 0x00000000c5600000|  0%| F|  |TAMS 0x00000000c5500000| PB 0x00000000c5500000| Untracked 
|  46|0x00000000c5600000, 0x00000000c5600000, 0x00000000c5700000|  0%| F|  |TAMS 0x00000000c5600000| PB 0x00000000c5600000| Untracked 
|  47|0x00000000c5700000, 0x00000000c5700000, 0x00000000c5800000|  0%| F|  |TAMS 0x00000000c5700000| PB 0x00000000c5700000| Untracked 
|  48|0x00000000c5800000, 0x00000000c5800000, 0x00000000c5900000|  0%| F|  |TAMS 0x00000000c5800000| PB 0x00000000c5800000| Untracked 
|  49|0x00000000c5900000, 0x00000000c5900000, 0x00000000c5a00000|  0%| F|  |TAMS 0x00000000c5900000| PB 0x00000000c5900000| Untracked 
|  50|0x00000000c5a00000, 0x00000000c5a00000, 0x00000000c5b00000|  0%| F|  |TAMS 0x00000000c5a00000| PB 0x00000000c5a00000| Untracked 
|  51|0x00000000c5b00000, 0x00000000c5b2c0a0, 0x00000000c5c00000| 17%| E|  |TAMS 0x00000000c5b00000| PB 0x00000000c5b00000| Complete 
|  52|0x00000000c5c00000, 0x00000000c5d00000, 0x00000000c5d00000|100%| E|CS|TAMS 0x00000000c5c00000| PB 0x00000000c5c00000| Complete 
|  53|0x00000000c5d00000, 0x00000000c5e00000, 0x00000000c5e00000|100%| E|CS|TAMS 0x00000000c5d00000| PB 0x00000000c5d00000| Complete 
|  54|0x00000000c5e00000, 0x00000000c5f00000, 0x00000000c5f00000|100%| E|CS|TAMS 0x00000000c5e00000| PB 0x00000000c5e00000| Complete 
|  55|0x00000000c5f00000, 0x00000000c6000000, 0x00000000c6000000|100%| E|CS|TAMS 0x00000000c5f00000| PB 0x00000000c5f00000| Complete 
|  56|0x00000000c6000000, 0x00000000c6100000, 0x00000000c6100000|100%| E|CS|TAMS 0x00000000c6000000| PB 0x00000000c6000000| Complete 
|  57|0x00000000c6100000, 0x00000000c6200000, 0x00000000c6200000|100%| E|CS|TAMS 0x00000000c6100000| PB 0x00000000c6100000| Complete 
|  61|0x00000000c6500000, 0x00000000c6600000, 0x00000000c6600000|100%| E|CS|TAMS 0x00000000c6500000| PB 0x00000000c6500000| Complete 

Card table byte_map: [0x000002586b2b0000,0x000002586b4a0000] _byte_map_base: 0x000002586ac9c000

Marking Bits: (CMBitMap*) 0x00000258536ef6e0
 Bits: [0x000002586b4a0000, 0x000002586c400000)

Polling page: 0x0000025851610000

Metaspace:

Usage:
  Non-class:     60.70 MB used.
      Class:      9.46 MB used.
       Both:     70.16 MB used.

Virtual space:
  Non-class space:       64.00 MB reserved,      61.19 MB ( 96%) committed,  1 nodes.
      Class space:        1.00 GB reserved,       9.81 MB ( <1%) committed,  1 nodes.
             Both:        1.06 GB reserved,      71.00 MB (  7%) committed. 

Chunk freelists:
   Non-Class:  2.84 MB
       Class:  6.29 MB
        Both:  9.13 MB

MaxMetaspaceSize: unlimited
CompressedClassSpaceSize: 1.00 GB
Initial GC threshold: 21.00 MB
Current GC threshold: 118.12 MB
CDS: on
 - commit_granule_bytes: 65536.
 - commit_granule_words: 8192.
 - virtual_space_node_default_size: 8388608.
 - enlarge_chunks_in_place: 1.
 - use_allocation_guard: 0.


Internal statistics:

num_allocs_failed_limit: 9.
num_arena_births: 994.
num_arena_deaths: 362.
num_vsnodes_births: 2.
num_vsnodes_deaths: 0.
num_space_committed: 1136.
num_space_uncommitted: 0.
num_chunks_returned_to_freelist: 430.
num_chunks_taken_from_freelist: 3560.
num_chunk_merges: 109.
num_chunk_splits: 2485.
num_chunks_enlarged: 1911.
num_inconsistent_stats: 0.

CodeHeap 'non-profiled nmethods': size=120000Kb used=2496Kb max_used=3850Kb free=117503Kb
 bounds [0x0000025863850000, 0x0000025863c20000, 0x000002586ad80000]
CodeHeap 'profiled nmethods': size=120000Kb used=4247Kb max_used=11474Kb free=115752Kb
 bounds [0x000002585bd80000, 0x000002585c8c0000, 0x00000258632b0000]
CodeHeap 'non-nmethods': size=5760Kb used=1720Kb max_used=1800Kb free=4039Kb
 bounds [0x00000258632b0000, 0x0000025863520000, 0x0000025863850000]
 total_blobs=3315 nmethods=2573 adapters=646
 compilation: enabled
              stopped_count=0, restarted_count=0
 full_count=0

Compilation events (20 events):
Event: 49741.095 Thread 0x000002586ee07a70 nmethod 8626 0x0000025863bb5490 code [0x0000025863bb5660, 0x0000025863bb5c08]
Event: 49741.095 Thread 0x000002586ee07a70 8627       4       javax.crypto.Mac::doFinal (38 bytes)
Event: 49741.142 Thread 0x000002586ee07a70 nmethod 8627 0x000002586390b490 code [0x000002586390b700, 0x000002586390c308]
Event: 50176.126 Thread 0x000002586ee07a70 8628       4       java.util.concurrent.locks.AbstractQueuedSynchronizer::acquire (20 bytes)
Event: 50176.193 Thread 0x000002586ee07a70 nmethod 8628 0x00000258638fa590 code [0x00000258638fa720, 0x00000258638fa818]
Event: 98903.139 Thread 0x000002586ee07a70 8629       4       org.apache.catalina.core.StandardServer$$Lambda/0x00000258013d7050::run (8 bytes)
Event: 98903.599 Thread 0x000002586ee07a70 nmethod 8629 0x00000258638d1590 code [0x00000258638d1740, 0x00000258638d1a30]
Event: 98903.908 Thread 0x000002586ee07a70 8631 % !   4       java.util.concurrent.ThreadPoolExecutor::runWorker @ 21 (187 bytes)
Event: 98904.216 Thread 0x000002586ee07a70 nmethod 8631% 0x0000025863ae4690 code [0x0000025863ae49a0, 0x0000025863ae5860]
Event: 98904.506 Thread 0x000002586ee07a70 8632   !   4       java.util.concurrent.ThreadPoolExecutor::runWorker (187 bytes)
Event: 98904.617 Thread 0x000002586ee07a70 nmethod 8632 0x00000258638c2890 code [0x00000258638c2ba0, 0x00000258638c3a38]
Event: 98917.208 Thread 0x000002586ee08510 8633       3       java.lang.Math::abs (13 bytes)
Event: 98917.303 Thread 0x000002586ee08510 nmethod 8633 0x000002585c64d910 code [0x000002585c64dac0, 0x000002585c64dc30]
Event: 98917.550 Thread 0x000002586ee08510 8634       3       java.util.concurrent.CopyOnWriteArrayList::remove (34 bytes)
Event: 98917.558 Thread 0x000002586ee08510 nmethod 8634 0x000002585c816390 code [0x000002585c816560, 0x000002585c8167a8]
Event: 98920.126 Thread 0x000002586ee08510 8635       3       java.util.ImmutableCollections$AbstractImmutableMap::<init> (5 bytes)
Event: 98920.129 Thread 0x000002586ee08510 nmethod 8635 0x000002585be52610 code [0x000002585be527c0, 0x000002585be52988]
Event: 98920.271 Thread 0x000002586ee07a70 8636   !   4       sun.security.ssl.SSLCipher$T13GcmWriteCipherGenerator$GcmWriteCipher::encrypt (329 bytes)
Event: 98920.625 Thread 0x000002586ee08510 8638       3       com.mysql.cj.jdbc.ConnectionImpl::getMultiHostSafeProxy (5 bytes)
Event: 98920.636 Thread 0x000002586ee08510 nmethod 8638 0x000002585c02a090 code [0x000002585c02a240, 0x000002585c02a420]

GC Heap History (20 events):
Event: 39147.191 GC heap before
{Heap before GC invocations=56 (full 0):
 garbage-first heap   total 60416K, used 54450K [0x00000000c2800000, 0x0000000100000000)
  region size 1024K, 26 young (26624K), 1 survivors (1024K)
 Metaspace       used 71706K, committed 72512K, reserved 1114112K
  class space    used 9684K, committed 10048K, reserved 1048576K
}
Event: 39147.256 GC heap after
{Heap after GC invocations=57 (full 0):
 garbage-first heap   total 60416K, used 28753K [0x00000000c2800000, 0x0000000100000000)
  region size 1024K, 2 young (2048K), 2 survivors (2048K)
 Metaspace       used 71706K, committed 72512K, reserved 1114112K
  class space    used 9684K, committed 10048K, reserved 1048576K
}
Event: 40414.994 GC heap before
{Heap before GC invocations=57 (full 0):
 garbage-first heap   total 60416K, used 52305K [0x00000000c2800000, 0x0000000100000000)
  region size 1024K, 25 young (25600K), 2 survivors (2048K)
 Metaspace       used 71706K, committed 72512K, reserved 1114112K
  class space    used 9684K, committed 10048K, reserved 1048576K
}
Event: 40415.117 GC heap after
{Heap after GC invocations=58 (full 0):
 garbage-first heap   total 60416K, used 28444K [0x00000000c2800000, 0x0000000100000000)
  region size 1024K, 1 young (1024K), 1 survivors (1024K)
 Metaspace       used 71706K, committed 72512K, reserved 1114112K
  class space    used 9684K, committed 10048K, reserved 1048576K
}
Event: 41568.981 GC heap before
{Heap before GC invocations=59 (full 0):
 garbage-first heap   total 60416K, used 54044K [0x00000000c2800000, 0x0000000100000000)
  region size 1024K, 26 young (26624K), 1 survivors (1024K)
 Metaspace       used 71767K, committed 72576K, reserved 1114112K
  class space    used 9685K, committed 10048K, reserved 1048576K
}
Event: 41569.049 GC heap after
{Heap after GC invocations=60 (full 0):
 garbage-first heap   total 60416K, used 28835K [0x00000000c2800000, 0x0000000100000000)
  region size 1024K, 2 young (2048K), 2 survivors (2048K)
 Metaspace       used 71767K, committed 72576K, reserved 1114112K
  class space    used 9685K, committed 10048K, reserved 1048576K
}
Event: 42633.864 GC heap before
{Heap before GC invocations=60 (full 0):
 garbage-first heap   total 60416K, used 52387K [0x00000000c2800000, 0x0000000100000000)
  region size 1024K, 25 young (25600K), 2 survivors (2048K)
 Metaspace       used 71773K, committed 72576K, reserved 1114112K
  class space    used 9685K, committed 10048K, reserved 1048576K
}
Event: 42633.942 GC heap after
{Heap after GC invocations=61 (full 0):
 garbage-first heap   total 60416K, used 28714K [0x00000000c2800000, 0x0000000100000000)
  region size 1024K, 2 young (2048K), 2 survivors (2048K)
 Metaspace       used 71773K, committed 72576K, reserved 1114112K
  class space    used 9685K, committed 10048K, reserved 1048576K
}
Event: 43953.989 GC heap before
{Heap before GC invocations=61 (full 0):
 garbage-first heap   total 60416K, used 53290K [0x00000000c2800000, 0x0000000100000000)
  region size 1024K, 26 young (26624K), 2 survivors (2048K)
 Metaspace       used 71773K, committed 72576K, reserved 1114112K
  class space    used 9685K, committed 10048K, reserved 1048576K
}
Event: 43954.092 GC heap after
{Heap after GC invocations=62 (full 0):
 garbage-first heap   total 60416K, used 28392K [0x00000000c2800000, 0x0000000100000000)
  region size 1024K, 1 young (1024K), 1 survivors (1024K)
 Metaspace       used 71773K, committed 72576K, reserved 1114112K
  class space    used 9685K, committed 10048K, reserved 1048576K
}
Event: 45121.415 GC heap before
{Heap before GC invocations=63 (full 0):
 garbage-first heap   total 60416K, used 53992K [0x00000000c2800000, 0x0000000100000000)
  region size 1024K, 26 young (26624K), 1 survivors (1024K)
 Metaspace       used 71783K, committed 72576K, reserved 1114112K
  class space    used 9685K, committed 10048K, reserved 1048576K
}
Event: 45121.489 GC heap after
{Heap after GC invocations=64 (full 0):
 garbage-first heap   total 60416K, used 28767K [0x00000000c2800000, 0x0000000100000000)
  region size 1024K, 2 young (2048K), 2 survivors (2048K)
 Metaspace       used 71783K, committed 72576K, reserved 1114112K
  class space    used 9685K, committed 10048K, reserved 1048576K
}
Event: 46187.947 GC heap before
{Heap before GC invocations=64 (full 0):
 garbage-first heap   total 60416K, used 52319K [0x00000000c2800000, 0x0000000100000000)
  region size 1024K, 25 young (25600K), 2 survivors (2048K)
 Metaspace       used 71828K, committed 72704K, reserved 1114112K
  class space    used 9685K, committed 10048K, reserved 1048576K
}
Event: 46188.019 GC heap after
{Heap after GC invocations=65 (full 0):
 garbage-first heap   total 60416K, used 28637K [0x00000000c2800000, 0x0000000100000000)
  region size 1024K, 2 young (2048K), 2 survivors (2048K)
 Metaspace       used 71828K, committed 72704K, reserved 1114112K
  class space    used 9685K, committed 10048K, reserved 1048576K
}
Event: 47515.404 GC heap before
{Heap before GC invocations=65 (full 0):
 garbage-first heap   total 60416K, used 53213K [0x00000000c2800000, 0x0000000100000000)
  region size 1024K, 26 young (26624K), 2 survivors (2048K)
 Metaspace       used 71828K, committed 72704K, reserved 1114112K
  class space    used 9685K, committed 10048K, reserved 1048576K
}
Event: 47515.514 GC heap after
{Heap after GC invocations=66 (full 0):
 garbage-first heap   total 60416K, used 28350K [0x00000000c2800000, 0x0000000100000000)
  region size 1024K, 1 young (1024K), 1 survivors (1024K)
 Metaspace       used 71828K, committed 72704K, reserved 1114112K
  class space    used 9685K, committed 10048K, reserved 1048576K
}
Event: 48735.003 GC heap before
{Heap before GC invocations=67 (full 0):
 garbage-first heap   total 60416K, used 53950K [0x00000000c2800000, 0x0000000100000000)
  region size 1024K, 27 young (27648K), 1 survivors (1024K)
 Metaspace       used 71838K, committed 72704K, reserved 1114112K
  class space    used 9685K, committed 10048K, reserved 1048576K
}
Event: 48735.081 GC heap after
{Heap after GC invocations=68 (full 0):
 garbage-first heap   total 60416K, used 28631K [0x00000000c2800000, 0x0000000100000000)
  region size 1024K, 1 young (1024K), 1 survivors (1024K)
 Metaspace       used 71838K, committed 72704K, reserved 1114112K
  class space    used 9685K, committed 10048K, reserved 1048576K
}
Event: 49968.298 GC heap before
{Heap before GC invocations=68 (full 0):
 garbage-first heap   total 60416K, used 55255K [0x00000000c2800000, 0x0000000100000000)
  region size 1024K, 27 young (27648K), 1 survivors (1024K)
 Metaspace       used 71842K, committed 72704K, reserved 1114112K
  class space    used 9685K, committed 10048K, reserved 1048576K
}
Event: 49968.389 GC heap after
{Heap after GC invocations=69 (full 0):
 garbage-first heap   total 60416K, used 28530K [0x00000000c2800000, 0x0000000100000000)
  region size 1024K, 2 young (2048K), 2 survivors (2048K)
 Metaspace       used 71842K, committed 72704K, reserved 1114112K
  class space    used 9685K, committed 10048K, reserved 1048576K
}

Dll operation events (14 events):
Event: 0.026 Loaded shared library C:\Users\Lenovo\.jdks\corretto-21.0.3\bin\java.dll
Event: 0.085 Loaded shared library C:\Users\Lenovo\.jdks\corretto-21.0.3\bin\jsvml.dll
Event: 0.194 Loaded shared library C:\Users\Lenovo\.jdks\corretto-21.0.3\bin\zip.dll
Event: 0.203 Loaded shared library C:\Users\Lenovo\.jdks\corretto-21.0.3\bin\instrument.dll
Event: 0.213 Loaded shared library C:\Users\Lenovo\.jdks\corretto-21.0.3\bin\net.dll
Event: 0.216 Loaded shared library C:\Users\Lenovo\.jdks\corretto-21.0.3\bin\nio.dll
Event: 0.223 Loaded shared library C:\Users\Lenovo\.jdks\corretto-21.0.3\bin\zip.dll
Event: 1.583 Loaded shared library C:\Users\Lenovo\.jdks\corretto-21.0.3\bin\jimage.dll
Event: 12.913 Loaded shared library C:\Program Files\JetBrains\IntelliJ IDEA Community Edition 2024.1.4\bin\breakgen64.dll
Event: 12.944 Loaded shared library C:\Users\Lenovo\.jdks\corretto-21.0.3\bin\extnet.dll
Event: 13.868 Loaded shared library C:\Users\Lenovo\.jdks\corretto-21.0.3\bin\management.dll
Event: 13.875 Loaded shared library C:\Users\Lenovo\.jdks\corretto-21.0.3\bin\management_ext.dll
Event: 16.357 Loaded shared library C:\Users\Lenovo\.jdks\corretto-21.0.3\bin\sunmscapi.dll
Event: 23.557 Loaded shared library C:\Users\Lenovo\.jdks\corretto-21.0.3\bin\verify.dll

Deoptimization events (20 events):
Event: 28324.789 Thread 0x00000258746e6520 Uncommon trap: trap_request=0xffffffbe fr.pc=0x00000258639129e4 relative=0x0000000000001b84
Event: 28324.789 Thread 0x00000258746e6520 Uncommon trap: reason=profile_predicate action=maybe_recompile pc=0x00000258639129e4 method=com.sun.crypto.provider.AESCrypt.makeSessionKey([B)V @ 538 c2
Event: 28324.789 Thread 0x00000258746e6520 DEOPT PACKING pc=0x00000258639129e4 sp=0x000000ea760fd780
Event: 28324.789 Thread 0x00000258746e6520 DEOPT UNPACKING pc=0x00000258633046a2 sp=0x000000ea760fd6f8 mode 2
Event: 30116.717 Thread 0x0000025876762060 DEOPT PACKING pc=0x000002585c854d30 sp=0x000000ea760fdc90
Event: 30116.717 Thread 0x0000025876762060 DEOPT UNPACKING pc=0x0000025863304e42 sp=0x000000ea760fd140 mode 0
Event: 33224.952 Thread 0x00000258743bf310 Uncommon trap: trap_request=0xfffffff4 fr.pc=0x0000025863ae5384 relative=0x0000000000000a24
Event: 33224.953 Thread 0x00000258743bf310 Uncommon trap: reason=null_check action=make_not_entrant pc=0x0000025863ae5384 method=jdk.internal.loader.BuiltinClassLoader.findMiscResource(Ljava/lang/String;)Ljava/util/List; @ 13 c2
Event: 33224.954 Thread 0x00000258743bf310 DEOPT PACKING pc=0x0000025863ae5384 sp=0x000000ea782ff030
Event: 33224.955 Thread 0x00000258743bf310 DEOPT UNPACKING pc=0x00000258633046a2 sp=0x000000ea782fef68 mode 2
Event: 39003.198 Thread 0x0000025875509580 DEOPT PACKING pc=0x000002585c8852df sp=0x000000ea760fdc80
Event: 39003.199 Thread 0x0000025875509580 DEOPT UNPACKING pc=0x0000025863304e42 sp=0x000000ea760fd0e8 mode 0
Event: 43331.963 Thread 0x00000258758da370 Uncommon trap: trap_request=0xffffff45 fr.pc=0x0000025863c0f0e8 relative=0x00000000000018e8
Event: 43331.970 Thread 0x00000258758da370 Uncommon trap: reason=unstable_if action=reinterpret pc=0x0000025863c0f0e8 method=java.util.concurrent.ScheduledThreadPoolExecutor$DelayedWorkQueue.take()Ljava/util/concurrent/RunnableScheduledFuture; @ 59 c2
Event: 43331.973 Thread 0x00000258758da370 DEOPT PACKING pc=0x0000025863c0f0e8 sp=0x000000ea77fff170
Event: 43331.977 Thread 0x00000258758da370 DEOPT UNPACKING pc=0x00000258633046a2 sp=0x000000ea77fff140 mode 2
Event: 98904.898 Thread 0x00000258758da370 DEOPT PACKING pc=0x000002585bdc81d6 sp=0x000000ea77fff1a0
Event: 98904.902 Thread 0x00000258758da370 DEOPT UNPACKING pc=0x0000025863304e42 sp=0x000000ea77ffe718 mode 0
Event: 98907.386 Thread 0x0000025874cb2f80 DEOPT PACKING pc=0x000002585bdc81d6 sp=0x000000ea780ff480
Event: 98915.343 Thread 0x0000025874cb2f80 DEOPT UNPACKING pc=0x0000025863304e42 sp=0x000000ea780fe9f8 mode 0

Classes loaded (20 events):
Event: 46.231 Loading class com/sun/beans/util/Cache done
Event: 46.231 Loading class com/sun/beans/introspect/ClassInfo$1 done
Event: 46.231 Loading class com/sun/beans/util/Cache$Kind
Event: 46.231 Loading class com/sun/beans/util/Cache$Kind done
Event: 46.232 Loading class com/sun/beans/util/Cache$Kind$1
Event: 46.232 Loading class com/sun/beans/util/Cache$Kind$1 done
Event: 46.232 Loading class com/sun/beans/util/Cache$Kind$2
Event: 46.233 Loading class com/sun/beans/util/Cache$Kind$2 done
Event: 46.233 Loading class com/sun/beans/util/Cache$Kind$3
Event: 46.233 Loading class com/sun/beans/util/Cache$Kind$3 done
Event: 46.233 Loading class com/sun/beans/util/Cache$CacheEntry
Event: 46.234 Loading class com/sun/beans/util/Cache$CacheEntry done
Event: 1781.093 Loading class sun/security/ssl/Alert
Event: 1781.161 Loading class sun/security/ssl/Alert done
Event: 1781.176 Loading class sun/security/ssl/Alert$AlertConsumer
Event: 1781.194 Loading class sun/security/ssl/Alert$AlertConsumer done
Event: 1781.195 Loading class sun/security/ssl/Alert$Level
Event: 1781.198 Loading class sun/security/ssl/Alert$Level done
Event: 1781.215 Loading class sun/net/ConnectionResetException
Event: 1781.218 Loading class sun/net/ConnectionResetException done

Classes unloaded (20 events):
Event: 1268.930 Thread 0x000002586edcad60 Unloading class 0x000002580101a400 'java/lang/invoke/LambdaForm$MH+0x000002580101a400'
Event: 1268.930 Thread 0x000002586edcad60 Unloading class 0x0000025801019c00 'java/lang/invoke/LambdaForm$MH+0x0000025801019c00'
Event: 1268.930 Thread 0x000002586edcad60 Unloading class 0x0000025801019800 'java/lang/invoke/LambdaForm$MH+0x0000025801019800'
Event: 1268.930 Thread 0x000002586edcad60 Unloading class 0x0000025801019400 'java/lang/invoke/LambdaForm$MH+0x0000025801019400'
Event: 1268.930 Thread 0x000002586edcad60 Unloading class 0x0000025801018800 'java/lang/invoke/LambdaForm$MH+0x0000025801018800'
Event: 1268.931 Thread 0x000002586edcad60 Unloading class 0x0000025801015800 'java/lang/invoke/LambdaForm$MH+0x0000025801015800'
Event: 1268.931 Thread 0x000002586edcad60 Unloading class 0x0000025801014c00 'java/lang/invoke/LambdaForm$MH+0x0000025801014c00'
Event: 1268.931 Thread 0x000002586edcad60 Unloading class 0x0000025801014400 'java/lang/invoke/LambdaForm$MH+0x0000025801014400'
Event: 1268.931 Thread 0x000002586edcad60 Unloading class 0x0000025801014000 'java/lang/invoke/LambdaForm$MH+0x0000025801014000'
Event: 1268.931 Thread 0x000002586edcad60 Unloading class 0x0000025801003400 'java/lang/invoke/LambdaForm$MH+0x0000025801003400'
Event: 1268.931 Thread 0x000002586edcad60 Unloading class 0x0000025801003000 'java/lang/invoke/LambdaForm$MH+0x0000025801003000'
Event: 1268.932 Thread 0x000002586edcad60 Unloading class 0x0000025801002c00 'java/lang/invoke/LambdaForm$MH+0x0000025801002c00'
Event: 1268.932 Thread 0x000002586edcad60 Unloading class 0x0000025801002400 'java/lang/invoke/LambdaForm$MH+0x0000025801002400'
Event: 8360.314 Thread 0x000002586edcad60 Unloading class 0x00000258019d4000 'java/lang/invoke/LambdaForm$MH+0x00000258019d4000'
Event: 8360.315 Thread 0x000002586edcad60 Unloading class 0x00000258019c9000 'java/lang/invoke/LambdaForm$MH+0x00000258019c9000'
Event: 8360.315 Thread 0x000002586edcad60 Unloading class 0x00000258019c8800 'java/lang/invoke/LambdaForm$MH+0x00000258019c8800'
Event: 8360.315 Thread 0x000002586edcad60 Unloading class 0x00000258019b8800 'java/lang/invoke/LambdaForm$MH+0x00000258019b8800'
Event: 8360.315 Thread 0x000002586edcad60 Unloading class 0x00000258019b8400 'java/lang/invoke/LambdaForm$MH+0x00000258019b8400'
Event: 33224.262 Thread 0x000002586edcad60 Unloading class 0x00000258019a0000 'java/lang/invoke/LambdaForm$MH+0x00000258019a0000'
Event: 43954.399 Thread 0x000002586edcad60 Unloading class 0x00000258019d4000 'java/lang/invoke/LambdaForm$MH+0x00000258019d4000'

Classes redefined (0 events):
No events

Internal exceptions (20 events):
Event: 33.787 Thread 0x0000025873d50080 Exception <a 'java/lang/IncompatibleClassChangeError'{0x00000000c5572f90}: Found class java.lang.Object, but interface was expected> (0x00000000c5572f90) 
thrown [s\src\hotspot\share\interpreter\linkResolver.cpp, line 840]
Event: 34.328 Thread 0x0000025873d50080 Exception <a 'java/lang/IncompatibleClassChangeError'{0x00000000c4fd1ba0}: Found class java.lang.Object, but interface was expected> (0x00000000c4fd1ba0) 
thrown [s\src\hotspot\share\interpreter\linkResolver.cpp, line 840]
Event: 41.085 Thread 0x0000025873d50080 Exception <a 'java/lang/IncompatibleClassChangeError'{0x00000000c54481c0}: Found class java.lang.Object, but interface was expected> (0x00000000c54481c0) 
thrown [s\src\hotspot\share\interpreter\linkResolver.cpp, line 840]
Event: 42.913 Thread 0x0000025873d50080 Exception <a 'java/lang/NoSuchMethodError'{0x00000000c5d24440}: 'java.lang.Object java.lang.invoke.DirectMethodHandle$Holder.newInvokeSpecial(java.lang.Object, java.lang.Object, java.lang.Object, java.lang.Object, java.lang.Object, java.lang.Object, java.lang.Object, java.lang.Object)'> (0x00000000c5d24440) 
thrown [s\src\hotspot\share\interpreter\linkResolver.cpp, line 773]
Event: 43.456 Thread 0x0000025873d50080 Exception <a 'java/lang/IncompatibleClassChangeError'{0x00000000c573b6a8}: Found class java.lang.Object, but interface was expected> (0x00000000c573b6a8) 
thrown [s\src\hotspot\share\interpreter\linkResolver.cpp, line 840]
Event: 43.565 Thread 0x0000025873d50080 Exception <a 'java/lang/NoSuchMethodError'{0x00000000c56ca8a0}: 'void java.lang.invoke.DirectMethodHandle$Holder.invokeVirtual(java.lang.Object, java.lang.Object, long)'> (0x00000000c56ca8a0) 
thrown [s\src\hotspot\share\interpreter\linkResolver.cpp, line 773]
Event: 43.747 Thread 0x0000025873d50080 Exception <a 'java/lang/NoSuchMethodError'{0x00000000c53df558}: 'int java.lang.invoke.DirectMethodHandle$Holder.invokeStaticInit(java.lang.Object, java.lang.Object, java.lang.Object, java.lang.Object)'> (0x00000000c53df558) 
thrown [s\src\hotspot\share\interpreter\linkResolver.cpp, line 773]
Event: 43.981 Thread 0x0000025873d50080 Exception <a 'java/lang/IncompatibleClassChangeError'{0x00000000c529d828}: Found class java.lang.Object, but interface was expected> (0x00000000c529d828) 
thrown [s\src\hotspot\share\interpreter\linkResolver.cpp, line 840]
Event: 45.414 Thread 0x0000025873d50080 Exception <a 'java/lang/NoSuchMethodError'{0x00000000c58438a8}: 'java.lang.Object java.lang.invoke.DirectMethodHandle$Holder.newInvokeSpecial(java.lang.Object, java.lang.Object, int, java.lang.Object, java.lang.Object)'> (0x00000000c58438a8) 
thrown [s\src\hotspot\share\interpreter\linkResolver.cpp, line 773]
Event: 1781.202 Thread 0x00000258746e5e90 Exception <a 'java/io/IOException'{0x00000000c598f200}> (0x00000000c598f200) 
thrown [s\src\hotspot\share\prims\jni.cpp, line 520]
Event: 1781.214 Thread 0x00000258746e5e90 Exception <a 'java/io/IOException'{0x00000000c5990758}> (0x00000000c5990758) 
thrown [s\src\hotspot\share\prims\jni.cpp, line 520]
Event: 1781.273 Thread 0x00000258746e6520 Implicit null exception at 0x0000025863a14820 to 0x0000025863a14910
Event: 3565.876 Thread 0x00000258746e5e90 Exception <a 'java/io/IOException'{0x00000000c584b3a8}> (0x00000000c584b3a8) 
thrown [s\src\hotspot\share\prims\jni.cpp, line 520]
Event: 5422.963 Thread 0x00000258758da370 Implicit null exception at 0x0000025863850255 to 0x0000025863850548
Event: 5423.964 Thread 0x00000258758da370 Implicit null exception at 0x0000025863850255 to 0x0000025863850548
Event: 5424.971 Thread 0x00000258758da370 Implicit null exception at 0x0000025863850255 to 0x0000025863850548
Event: 5425.974 Thread 0x00000258758da370 Implicit null exception at 0x0000025863850255 to 0x0000025863850548
Event: 30113.586 Thread 0x000002587550a930 Exception <a 'java/io/IOException'{0x00000000c58c1388}> (0x00000000c58c1388) 
thrown [s\src\hotspot\share\prims\jni.cpp, line 520]
Event: 30113.596 Thread 0x000002587550a930 Exception <a 'java/io/IOException'{0x00000000c58c22f8}> (0x00000000c58c22f8) 
thrown [s\src\hotspot\share\prims\jni.cpp, line 520]
Event: 33224.952 Thread 0x00000258743bf310 Implicit null exception at 0x0000025863ae4c0e to 0x0000025863ae5374

ZGC Phase Switch (0 events):
No events

VM Operations (20 events):
Event: 47882.002 Executing VM operation: Cleanup
Event: 47882.004 Executing VM operation: Cleanup done
Event: 47883.006 Executing VM operation: Cleanup
Event: 47883.006 Executing VM operation: Cleanup done
Event: 48734.993 Executing VM operation: G1CollectForAllocation (G1 Evacuation Pause)
Event: 48735.082 Executing VM operation: G1CollectForAllocation (G1 Evacuation Pause) done
Event: 49007.541 Executing VM operation: Cleanup
Event: 49007.542 Executing VM operation: Cleanup done
Event: 49087.969 Executing VM operation: Cleanup
Event: 49087.969 Executing VM operation: Cleanup done
Event: 49649.370 Executing VM operation: Cleanup
Event: 49649.373 Executing VM operation: Cleanup done
Event: 49688.587 Executing VM operation: Cleanup
Event: 49688.587 Executing VM operation: Cleanup done
Event: 49968.290 Executing VM operation: G1CollectForAllocation (G1 Evacuation Pause)
Event: 49968.389 Executing VM operation: G1CollectForAllocation (G1 Evacuation Pause) done
Event: 98918.254 Executing VM operation: Cleanup
Event: 98918.819 Executing VM operation: Cleanup done
Event: 98920.840 Executing VM operation: Cleanup
Event: 98920.851 Executing VM operation: Cleanup done

Events (20 events):
Event: 49654.192 Thread 0x00000258739c5370 Thread exited: 0x00000258739c5370
Event: 49654.272 Thread 0x00000258746ec790 Thread exited: 0x00000258746ec790
Event: 49668.228 Thread 0x00000258739c4ce0 Thread added: 0x00000258739c4ce0
Event: 49668.235 Thread 0x00000258739c5370 Thread added: 0x00000258739c5370
Event: 49677.606 Thread 0x00000258739c4ce0 Thread exited: 0x00000258739c4ce0
Event: 49677.684 Thread 0x00000258739c5370 Thread exited: 0x00000258739c5370
Event: 49686.779 Thread 0x00000258739c5a00 Thread added: 0x00000258739c5a00
Event: 49686.786 Thread 0x00000258746e6520 Thread added: 0x00000258746e6520
Event: 49694.830 Thread 0x00000258739c5a00 Thread exited: 0x00000258739c5a00
Event: 49694.908 Thread 0x00000258746e6520 Thread exited: 0x00000258746e6520
Event: 49727.352 Thread 0x00000258739c6090 Thread added: 0x00000258739c6090
Event: 49727.358 Thread 0x00000258745ce410 Thread added: 0x00000258745ce410
Event: 49732.363 Thread 0x00000258739c6090 Thread exited: 0x00000258739c6090
Event: 49732.442 Thread 0x00000258745ce410 Thread exited: 0x00000258745ce410
Event: 49741.044 Thread 0x000002587647ccd0 Thread added: 0x000002587647ccd0
Event: 49741.049 Thread 0x000002587438e4d0 Thread added: 0x000002587438e4d0
Event: 49746.061 Thread 0x000002587647ccd0 Thread exited: 0x000002587647ccd0
Event: 49746.123 Thread 0x000002587438e4d0 Thread exited: 0x000002587438e4d0
Event: 98917.639 Thread 0x0000025874a19f10 Thread added: 0x0000025874a19f10
Event: 98919.946 Thread 0x000002587647ccd0 Thread added: 0x000002587647ccd0


Dynamic libraries:
0x00007ff7825a0000 - 0x00007ff7825ae000 	C:\Users\Lenovo\.jdks\corretto-21.0.3\bin\java.exe
0x00007ffea1430000 - 0x00007ffea1647000 	C:\WINDOWS\SYSTEM32\ntdll.dll
0x00007ffe7ee10000 - 0x00007ffe7ee2a000 	C:\Program Files\AVG\Antivirus\aswhook.dll
0x00007ffe9f170000 - 0x00007ffe9f234000 	C:\WINDOWS\System32\KERNEL32.DLL
0x00007ffe9eac0000 - 0x00007ffe9ee6d000 	C:\WINDOWS\System32\KERNELBASE.dll
0x00007ffe9e9a0000 - 0x00007ffe9eab1000 	C:\WINDOWS\System32\ucrtbase.dll
0x00007ffe98a00000 - 0x00007ffe98a1b000 	C:\Users\Lenovo\.jdks\corretto-21.0.3\bin\VCRUNTIME140.dll
0x00007ffe8fd10000 - 0x00007ffe8fd28000 	C:\Users\Lenovo\.jdks\corretto-21.0.3\bin\jli.dll
0x00007ffe9f560000 - 0x00007ffe9f70e000 	C:\WINDOWS\System32\USER32.dll
0x00007ffe9f0b0000 - 0x00007ffe9f0d6000 	C:\WINDOWS\System32\win32u.dll
0x00007ffe6fed0000 - 0x00007ffe70163000 	C:\WINDOWS\WinSxS\amd64_microsoft.windows.common-controls_6595b64144ccf1df_6.0.22621.3672_none_2713b9d173822955\COMCTL32.dll
0x00007ffe9f710000 - 0x00007ffe9f739000 	C:\WINDOWS\System32\GDI32.dll
0x00007ffe9f340000 - 0x00007ffe9f3e7000 	C:\WINDOWS\System32\msvcrt.dll
0x00007ffe9e750000 - 0x00007ffe9e869000 	C:\WINDOWS\System32\gdi32full.dll
0x00007ffe9f010000 - 0x00007ffe9f0aa000 	C:\WINDOWS\System32\msvcp_win.dll
0x00007ffe9f740000 - 0x00007ffe9f771000 	C:\WINDOWS\System32\IMM32.DLL
0x00007ffe98cf0000 - 0x00007ffe98cfc000 	C:\Users\Lenovo\.jdks\corretto-21.0.3\bin\vcruntime140_1.dll
0x00007ffe56480000 - 0x00007ffe5650d000 	C:\Users\Lenovo\.jdks\corretto-21.0.3\bin\msvcp140.dll
0x00007ffe16d60000 - 0x00007ffe17af1000 	C:\Users\Lenovo\.jdks\corretto-21.0.3\bin\server\jvm.dll
0x00007ffea1330000 - 0x00007ffea13e2000 	C:\WINDOWS\System32\ADVAPI32.dll
0x00007ffea1260000 - 0x00007ffea1309000 	C:\WINDOWS\System32\sechost.dll
0x00007ffe9efe0000 - 0x00007ffe9f008000 	C:\WINDOWS\System32\bcrypt.dll
0x00007ffea00f0000 - 0x00007ffea0204000 	C:\WINDOWS\System32\RPCRT4.dll
0x00007ffea0070000 - 0x00007ffea00e1000 	C:\WINDOWS\System32\WS2_32.dll
0x00007ffe9e610000 - 0x00007ffe9e65d000 	C:\WINDOWS\SYSTEM32\POWRPROF.dll
0x00007ffe983e0000 - 0x00007ffe98414000 	C:\WINDOWS\SYSTEM32\WINMM.dll
0x00007ffe97fd0000 - 0x00007ffe97fda000 	C:\WINDOWS\SYSTEM32\VERSION.dll
0x00007ffe9e5f0000 - 0x00007ffe9e603000 	C:\WINDOWS\SYSTEM32\UMPDC.dll
0x00007ffe9d780000 - 0x00007ffe9d798000 	C:\WINDOWS\SYSTEM32\kernel.appcore.dll
0x00007ffe989f0000 - 0x00007ffe989fa000 	C:\Users\Lenovo\.jdks\corretto-21.0.3\bin\jimage.dll
0x00007ffe9b6b0000 - 0x00007ffe9b8e2000 	C:\WINDOWS\SYSTEM32\DBGHELP.DLL
0x00007ffea0de0000 - 0x00007ffea116d000 	C:\WINDOWS\System32\combase.dll
0x00007ffe9f3f0000 - 0x00007ffe9f4c7000 	C:\WINDOWS\System32\OLEAUT32.dll
0x00007ffe979a0000 - 0x00007ffe979d2000 	C:\WINDOWS\SYSTEM32\dbgcore.DLL
0x00007ffe9f0e0000 - 0x00007ffe9f15b000 	C:\WINDOWS\System32\bcryptPrimitives.dll
0x00007ffe965e0000 - 0x00007ffe965ee000 	C:\Users\Lenovo\.jdks\corretto-21.0.3\bin\instrument.dll
0x00007ffe8ce10000 - 0x00007ffe8ce2f000 	C:\Users\Lenovo\.jdks\corretto-21.0.3\bin\java.dll
0x00007ffe9f780000 - 0x00007ffe9ffe8000 	C:\WINDOWS\System32\SHELL32.dll
0x00007ffe9c6a0000 - 0x00007ffe9cf9e000 	C:\WINDOWS\SYSTEM32\windows.storage.dll
0x00007ffe9c560000 - 0x00007ffe9c69f000 	C:\WINDOWS\SYSTEM32\wintypes.dll
0x00007ffea03e0000 - 0x00007ffea04d9000 	C:\WINDOWS\System32\SHCORE.dll
0x00007ffea1200000 - 0x00007ffea125e000 	C:\WINDOWS\System32\shlwapi.dll
0x00007ffe9e680000 - 0x00007ffe9e6a1000 	C:\WINDOWS\SYSTEM32\profapi.dll
0x00007ffe563a0000 - 0x00007ffe56477000 	C:\Users\Lenovo\.jdks\corretto-21.0.3\bin\jsvml.dll
0x00007ffe84960000 - 0x00007ffe84978000 	C:\Users\Lenovo\.jdks\corretto-21.0.3\bin\zip.dll
0x00007ffe96950000 - 0x00007ffe96960000 	C:\Users\Lenovo\.jdks\corretto-21.0.3\bin\net.dll
0x00007ffe9a890000 - 0x00007ffe9a9c6000 	C:\WINDOWS\SYSTEM32\WINHTTP.dll
0x00007ffe9dbf0000 - 0x00007ffe9dc59000 	C:\WINDOWS\system32\mswsock.dll
0x00007ffe84980000 - 0x00007ffe84996000 	C:\Users\Lenovo\.jdks\corretto-21.0.3\bin\nio.dll
0x00007ffe82380000 - 0x00007ffe8239a000 	C:\Program Files\JetBrains\IntelliJ IDEA Community Edition 2024.1.4\bin\breakgen64.dll
0x00007ffe84000000 - 0x00007ffe84009000 	C:\Users\Lenovo\.jdks\corretto-21.0.3\bin\extnet.dll
0x00007ffe89d80000 - 0x00007ffe89d89000 	C:\Users\Lenovo\.jdks\corretto-21.0.3\bin\management.dll
0x00007ffe84040000 - 0x00007ffe8404b000 	C:\Users\Lenovo\.jdks\corretto-21.0.3\bin\management_ext.dll
0x00007ffe9f4f0000 - 0x00007ffe9f4f8000 	C:\WINDOWS\System32\PSAPI.DLL
0x00007ffe84030000 - 0x00007ffe8403e000 	C:\Users\Lenovo\.jdks\corretto-21.0.3\bin\sunmscapi.dll
0x00007ffe9ee70000 - 0x00007ffe9efd7000 	C:\WINDOWS\System32\CRYPT32.dll
0x00007ffe9e010000 - 0x00007ffe9e03e000 	C:\WINDOWS\SYSTEM32\ncrypt.dll
0x00007ffe9dfd0000 - 0x00007ffe9e007000 	C:\WINDOWS\SYSTEM32\NTASN1.dll
0x00007ffe9de50000 - 0x00007ffe9de6b000 	C:\WINDOWS\SYSTEM32\CRYPTSP.dll
0x00007ffe9d6e0000 - 0x00007ffe9d715000 	C:\WINDOWS\system32\rsaenh.dll
0x00007ffe9dcf0000 - 0x00007ffe9dd18000 	C:\WINDOWS\SYSTEM32\USERENV.dll
0x00007ffe9de70000 - 0x00007ffe9de7c000 	C:\WINDOWS\SYSTEM32\CRYPTBASE.dll
0x00007ffe9d240000 - 0x00007ffe9d26d000 	C:\WINDOWS\SYSTEM32\IPHLPAPI.DLL
0x00007ffea0210000 - 0x00007ffea0219000 	C:\WINDOWS\System32\NSI.dll
0x00007ffe81560000 - 0x00007ffe81570000 	C:\Users\Lenovo\.jdks\corretto-21.0.3\bin\verify.dll
0x00007ffe9d270000 - 0x00007ffe9d368000 	C:\WINDOWS\SYSTEM32\DNSAPI.dll
0x00007ffe93e90000 - 0x00007ffe93e9a000 	C:\Windows\System32\rasadhlp.dll
0x00007ffe98d00000 - 0x00007ffe98d83000 	C:\WINDOWS\System32\fwpuclnt.dll
0x00007ffe97230000 - 0x00007ffe97238000 	C:\WINDOWS\system32\wshunix.dll

dbghelp: loaded successfully - version: 4.0.5 - missing functions: none
symbol engine: initialized successfully - sym options: 0x614 - pdb path: .;C:\Users\Lenovo\.jdks\corretto-21.0.3\bin;C:\WINDOWS\SYSTEM32;C:\Program Files\AVG\Antivirus;C:\WINDOWS\WinSxS\amd64_microsoft.windows.common-controls_6595b64144ccf1df_6.0.22621.3672_none_2713b9d173822955;C:\Users\Lenovo\.jdks\corretto-21.0.3\bin\server;C:\Program Files\JetBrains\IntelliJ IDEA Community Edition 2024.1.4\bin

VM Arguments:
jvm_args: -javaagent:C:\Program Files\JetBrains\IntelliJ IDEA Community Edition 2024.1.4\lib\idea_rt.jar=63664:C:\Program Files\JetBrains\IntelliJ IDEA Community Edition 2024.1.4\bin -Dfile.encoding=UTF-8 -Dsun.stdout.encoding=UTF-8 -Dsun.stderr.encoding=UTF-8 
java_command: com.softtech.HelloWorld_v2.HelloWorldV2Application
java_class_path (initial): C:\Users\Lenovo\Desktop\Yeni klasör\HelloWorld_MYSQL\target\classes;C:\Users\Lenovo\.m2\repository\org\springframework\boot\spring-boot-starter-data-jpa\3.3.1\spring-boot-starter-data-jpa-3.3.1.jar;C:\Users\Lenovo\.m2\repository\org\springframework\boot\spring-boot-starter-aop\3.3.1\spring-boot-starter-aop-3.3.1.jar;C:\Users\Lenovo\.m2\repository\org\springframework\spring-aop\6.1.10\spring-aop-6.1.10.jar;C:\Users\Lenovo\.m2\repository\org\aspectj\aspectjweaver\1.9.22\aspectjweaver-1.9.22.jar;C:\Users\Lenovo\.m2\repository\org\springframework\boot\spring-boot-starter-jdbc\3.3.1\spring-boot-starter-jdbc-3.3.1.jar;C:\Users\Lenovo\.m2\repository\com\zaxxer\HikariCP\5.1.0\HikariCP-5.1.0.jar;C:\Users\Lenovo\.m2\repository\org\springframework\spring-jdbc\6.1.10\spring-jdbc-6.1.10.jar;C:\Users\Lenovo\.m2\repository\org\springframework\data\spring-data-jpa\3.3.1\spring-data-jpa-3.3.1.jar;C:\Users\Lenovo\.m2\repository\org\springframework\data\spring-data-commons\3.3.1\spring-data-commons-3.3.1.jar;C:\Users\Lenovo\.m2\repository\org\springframework\spring-orm\6.1.10\spring-orm-6.1.10.jar;C:\Users\Lenovo\.m2\repository\org\springframework\spring-context\6.1.10\spring-context-6.1.10.jar;C:\Users\Lenovo\.m2\repository\org\springframework\spring-tx\6.1.10\spring-tx-6.1.10.jar;C:\Users\Lenovo\.m2\repository\org\springframework\spring-beans\6.1.10\spring-beans-6.1.10.jar;C:\Users\Lenovo\.m2\repository\jakarta\annotation\jakarta.annotation-api\2.1.1\jakarta.annotation-api-2.1.1.jar;C:\Users\Lenovo\.m2\repository\org\slf4j\slf4j-api\2.0.13\slf4j-api-2.0.13.jar;C:\Users\Lenovo\.m2\repository\org\springframework\spring-aspects\6.1.10\spring-aspects-6.1.10.jar;C:\Users\Lenovo\.m2\repository\org\springframework\boot\spring-boot-starter-web\3.3.1\spring-boot-starter-web-3.3.1.jar;C:\Users\Lenovo\.m2\repository\org\springframework\boot\spring-boot-starter\3.3.1\spring-boot-starter-3.3.1.jar;C:\Users\Lenovo\.m2\repository\org\springframework\boot\spring-boot-starter-logging\3.3.1\spring-boot-starter-logging-3.3.1.jar;C:\Users\Lenovo\.m2\repository\ch\qos\logback\logback-classic\1.5.6\logback-classic-1.5.6.jar;C:\Users\Lenovo\.m2\repository\ch\qos\logback\logback-core\1.5.6\logback-core-1.5.6.jar;C:\Users\Lenovo\.m2\repository\org\apache\logging\log4j\log4j-to-slf4j\2.23.1\log4j-to-slf4j-2.23.1.jar;C:\Users\Lenovo\.m2\repository\org\apache\logging\log4j\log4j-api\2.23.1\log4j-api-2.23.1.jar;C:\Users\Lenovo\.m2\repository\org\slf4j\jul-to-slf4j\2.0.13\jul-to-slf4j-2.0.13.jar;C:\Users\Lenovo\.m2\repository\org\yaml\snakeyaml\2.2\snakeyaml-2.2.jar;C:\Users\Lenovo\.m2\repository\org\springframework\boot\spring-boot-starter-json\3.3.1\spring-boot-starter-json-3.3.1.jar;C:\Users\Lenovo\.m2\repository\com\fasterxml\jackson\core\jackson-databind\2.17.1\jackson-databind-2.17.1.jar;C:\Users\Lenovo\.m2\repository\com\fasterxml\jackson\core\jackson-annotations\2.17.1\jackson-annotations-2.17.1.jar;C:\Users\Lenovo\.m2\repository\com\fasterxml\jackson\core\jackson-core\2.17.1\jackson-core-2.17.1.jar;C:\Users\Lenovo\.m2\repository\com\fasterxml\jackson\datatype\jackson-datatype-jdk8\2.17.1\jackson-datatype-jdk8-2.17.1.jar;C:\Users\Lenovo\.m2\repository\com\fasterxml\jackson\datatype\jackson-datatype-jsr310\2.17.1\jackson-datatype-jsr310-2.17.1.jar;C:\Users\Lenovo\.m2\repository\com\fasterxml\jackson\module\jackson-module-parameter-names\2.17.1\jackson-module-parameter-names-2.17.1.jar;C:\Users\Lenovo\.m2\repository\org\springframework\boot\spring-boot-starter-tomcat\3.3.1\spring-boot-starter-tomcat-3.3.1.jar;C:\Users\Lenovo\.m2\repository\org\apache\tomcat\embed\tomcat-embed-core\10.1.25\tomcat-embed-core-10.1.25.jar;C:\Users\Lenovo\.m2\repository\org\apache\tomcat\embed\tomcat-embed-el\10.1.25\tomcat-embed-el-10.1.25.jar;C:\Users\Lenovo\.m2\repository\org\apache\tomcat\embed\tomcat-embed-websocket\10.1.25\tomcat-embed-websocket-10.1.25.jar;C:\Users\Lenovo\.m2\repository\org\springframework\spring-web\6.1.10\spring-web-6.1.10.jar;C:\Users\Lenovo\.m2\repository\io\micrometer\micrometer-observation\1.13.1\micrometer-observation-1.13.1.jar;C:\Users\Lenovo\.m2\repository\io\micrometer\micrometer-commons\1.13.1\micrometer-commons-1.13.1.jar;C:\Users\Lenovo\.m2\repository\org\springframework\spring-webmvc\6.1.10\spring-webmvc-6.1.10.jar;C:\Users\Lenovo\.m2\repository\org\springframework\spring-expression\6.1.10\spring-expression-6.1.10.jar;C:\Users\Lenovo\.m2\repository\org\springframework\boot\spring-boot-devtools\3.3.1\spring-boot-devtools-3.3.1.jar;C:\Users\Lenovo\.m2\repository\org\springframework\boot\spring-boot\3.3.1\spring-boot-3.3.1.jar;C:\Users\Lenovo\.m2\repository\org\springframework\boot\spring-boot-autoconfigure\3.3.1\spring-boot-autoconfigure-3.3.1.jar;C:\Users\Lenovo\.m2\repository\com\mysql\mysql-connector-j\8.3.0\mysql-connector-j-8.3.0.jar;C:\Users\Lenovo\.m2\repository\jakarta\xml\bind\jakarta.xml.bind-api\4.0.2\jakarta.xml.bind-api-4.0.2.jar;C:\Users\Lenovo\.m2\repository\jakarta\activation\jakarta.activation-api\2.1.3\jakarta.activation-api-2.1.3.jar;C:\Users\Lenovo\.m2\repository\org\springframework\spring-core\6.1.10\spring-core-6.1.10.jar;C:\Users\Lenovo\.m2\repository\org\springframework\spring-jcl\6.1.10\spring-jcl-6.1.10.jar;C:\Users\Lenovo\.m2\repository\org\hibernate\orm\hibernate-core\6.5.2.Final\hibernate-core-6.5.2.Final.jar;C:\Users\Lenovo\.m2\repository\jakarta\persistence\jakarta.persistence-api\3.1.0\jakarta.persistence-api-3.1.0.jar;C:\Users\Lenovo\.m2\repository\jakarta\transaction\jakarta.transaction-api\2.0.1\jakarta.transaction-api-2.0.1.jar;C:\Users\Lenovo\.m2\repository\org\jboss\logging\jboss-logging\3.5.3.Final\jboss-logging-3.5.3.Final.jar;C:\Users\Lenovo\.m2\repository\org\hibernate\common\hibernate-commons-annotations\6.0.6.Final\hibernate-commons-annotations-6.0.6.Final.jar;C:\Users\Lenovo\.m2\repository\io\smallrye\jandex\3.1.2\jandex-3.1.2.jar;C:\Users\Lenovo\.m2\repository\com\fasterxml\classmate\1.7.0\classmate-1.7.0.jar;C:\Users\Lenovo\.m2\repository\net\bytebuddy\byte-buddy\1.14.17\byte-buddy-1.14.17.jar;C:\Users\Lenovo\.m2\repository\org\glassfish\jaxb\jaxb-runtime\4.0.5\jaxb-runtime-4.0.5.jar;C:\Users\Lenovo\.m2\repository\org\glassfish\jaxb\jaxb-core\4.0.5\jaxb-core-4.0.5.jar;C:\Users\Lenovo\.m2\repository\org\eclipse\angus\angus-activation\2.0.2\angus-activation-2.0.2.jar;C:\Users\Lenovo\.m2\repository\org\glassfish\jaxb\txw2\4.0.5\txw2-4.0.5.jar;C:\Users\Lenovo\.m2\repository\com\sun\istack\istack-commons-runtime\4.1.2\istack-commons-runtime-4.1.2.jar;C:\Users\Lenovo\.m2\repository\jakarta\inject\jakarta.inject-api\2.0.1\jakarta.inject-api-2.0.1.jar;C:\Users\Lenovo\.m2\repository\org\antlr\antlr4-runtime\4.13.0\antlr4-runtime-4.13.0.jar
Launcher Type: SUN_STANDARD

[Global flags]
     intx CICompilerCount                          = 4                                         {product} {ergonomic}
     uint ConcGCThreads                            = 2                                         {product} {ergonomic}
     uint G1ConcRefinementThreads                  = 8                                         {product} {ergonomic}
   size_t G1HeapRegionSize                         = 1048576                                   {product} {ergonomic}
    uintx GCDrainStackTargetSize                   = 64                                        {product} {ergonomic}
   size_t InitialHeapSize                          = 65011712                                  {product} {ergonomic}
   size_t MarkStackSize                            = 4194304                                   {product} {ergonomic}
   size_t MaxHeapSize                              = 1031798784                                {product} {ergonomic}
   size_t MaxNewSize                               = 618659840                                 {product} {ergonomic}
   size_t MinHeapDeltaBytes                        = 1048576                                   {product} {ergonomic}
   size_t MinHeapSize                              = 8388608                                   {product} {ergonomic}
    uintx NonNMethodCodeHeapSize                   = 5839372                                {pd product} {ergonomic}
    uintx NonProfiledCodeHeapSize                  = 122909434                              {pd product} {ergonomic}
    uintx ProfiledCodeHeapSize                     = 122909434                              {pd product} {ergonomic}
    uintx ReservedCodeCacheSize                    = 251658240                              {pd product} {ergonomic}
     bool SegmentedCodeCache                       = true                                      {product} {ergonomic}
   size_t SoftMaxHeapSize                          = 1031798784                             {manageable} {ergonomic}
     bool UseCompressedOops                        = true                           {product lp64_product} {ergonomic}
     bool UseG1GC                                  = true                                      {product} {ergonomic}
     bool UseLargePagesIndividualAllocation        = false                                  {pd product} {ergonomic}

Logging:
Log output configuration:
 #0: stdout all=warning uptime,level,tags foldmultilines=false
 #1: stderr all=off uptime,level,tags foldmultilines=false

Environment Variables:
PATH=C:\Program Files\Common Files\Oracle\Java\javapath;C:\Windows\system32;C:\Windows;C:\Windows\System32\Wbem;C:\Windows\System32\WindowsPowerShell\v1.0\;C:\Windows\System32\OpenSSH\;C:\Program Files (x86)\NVIDIA Corporation\PhysX\Common;C:\Program Files\NVIDIA Corporation\NVIDIA NvDLISR;C:\WINDOWS\system32;C:\WINDOWS;C:\WINDOWS\System32\Wbem;C:\WINDOWS\System32\WindowsPowerShell\v1.0\;C:\WINDOWS\System32\OpenSSH\;C:\Tools\apache-maven-3.9.8\bin;C:\src\flutter\bin;C:\Program Files (x86)\Windows Kits\10\Windows Performance Toolkit\;C:\Program Files\MySQL\MySQL Server 9.0\bin;C:\Users\Lenovo\AppData\Local\Microsoft\WindowsApps;
USERNAME=Lenovo
OS=Windows_NT
PROCESSOR_IDENTIFIER=Intel64 Family 6 Model 142 Stepping 12, GenuineIntel
TMP=C:\Users\Lenovo\AppData\Local\Temp
TEMP=C:\Users\Lenovo\AppData\Local\Temp




Periodic native trim disabled

---------------  S Y S T E M  ---------------

OS:
 Windows 11 , 64 bit Build 22621 (10.0.22621.3958)
OS uptime: 4 days 18:38 hours

CPU: total 8 (initial active 8) (4 cores per cpu, 2 threads per core) family 6 model 142 stepping 12 microcode 0xde, cx8, cmov, fxsr, ht, mmx, 3dnowpref, sse, sse2, sse3, ssse3, sse4.1, sse4.2, popcnt, lzcnt, tsc, tscinvbit, avx, avx2, aes, erms, clmul, bmi1, bmi2, adx, fma, vzeroupper, clflush, clflushopt, rdtscp, f16c
Processor Information for all 8 processors :
  Max Mhz: 2112, Current Mhz: 1609, Mhz Limit: 1605

Memory: 4k page, system-wide physical 3929M (33M free)
TotalPageFile size 16217M (AvailPageFile size 0M)
current process WorkingSet (physical memory assigned to process): 45M, peak: 206M
current process commit charge ("private bytes"): 289M, peak: 301M

vm_info: OpenJDK 64-Bit Server VM (21.0.3+9-LTS) for windows-amd64 JRE (21.0.3+9-LTS), built on 2024-04-10T19:10:39Z by "Administrator" with MS VC++ 16.10 / 16.11 (VS2019)

END.
